0 info it worked if it ends with ok
1 verbose cli [ '/usr/bin/node', '/usr/bin/npm', 'i', 'fecs-git-hooks' ]
2 info using npm@3.10.10
3 info using node@v6.11.0
4 silly loadCurrentTree Starting
5 silly install loadCurrentTree
6 silly install readLocalPackageData
7 silly fetchPackageMetaData fecs-git-hooks
8 silly fetchNamedPackageData fecs-git-hooks
9 silly mapToRegistry name fecs-git-hooks
10 silly mapToRegistry using default registry
11 silly mapToRegistry registry https://registry.npmjs.org/
12 silly mapToRegistry data Result {
12 silly mapToRegistry   raw: 'fecs-git-hooks',
12 silly mapToRegistry   scope: null,
12 silly mapToRegistry   escapedName: 'fecs-git-hooks',
12 silly mapToRegistry   name: 'fecs-git-hooks',
12 silly mapToRegistry   rawSpec: '',
12 silly mapToRegistry   spec: 'latest',
12 silly mapToRegistry   type: 'tag' }
13 silly mapToRegistry uri https://registry.npmjs.org/fecs-git-hooks
14 verbose request uri https://registry.npmjs.org/fecs-git-hooks
15 verbose request no auth needed
16 info attempt registry request try #1 at 9:27:38 AM
17 verbose request id 61fe182dedd08537
18 verbose etag W/"5909a9fb-62db"
19 verbose lastModified Wed, 03 May 2017 09:59:23 GMT
20 http request GET https://registry.npmjs.org/fecs-git-hooks
21 http 304 https://registry.npmjs.org/fecs-git-hooks
22 verbose headers { date: 'Tue, 01 Aug 2017 09:27:39 GMT',
22 verbose headers   via: '1.1 varnish',
22 verbose headers   'cache-control': 'max-age=300',
22 verbose headers   etag: 'W/"5909a9fb-62db"',
22 verbose headers   age: '228',
22 verbose headers   connection: 'keep-alive',
22 verbose headers   'x-served-by': 'cache-nrt6123-NRT',
22 verbose headers   'x-cache': 'HIT',
22 verbose headers   'x-cache-hits': '1',
22 verbose headers   'x-timer': 'S1501579659.256393,VS0,VE0',
22 verbose headers   vary: 'Accept-Encoding, Accept' }
23 silly get cb [ 304,
23 silly get   { date: 'Tue, 01 Aug 2017 09:27:39 GMT',
23 silly get     via: '1.1 varnish',
23 silly get     'cache-control': 'max-age=300',
23 silly get     etag: 'W/"5909a9fb-62db"',
23 silly get     age: '228',
23 silly get     connection: 'keep-alive',
23 silly get     'x-served-by': 'cache-nrt6123-NRT',
23 silly get     'x-cache': 'HIT',
23 silly get     'x-cache-hits': '1',
23 silly get     'x-timer': 'S1501579659.256393,VS0,VE0',
23 silly get     vary: 'Accept-Encoding, Accept' } ]
24 verbose etag https://registry.npmjs.org/fecs-git-hooks from cache
25 verbose get saving fecs-git-hooks to /home/vagrant/.npm/registry.npmjs.org/fecs-git-hooks/.cache.json
26 verbose correctMkdir /home/vagrant/.npm correctMkdir not in flight; initializing
27 silly install normalizeTree
28 silly loadCurrentTree Finishing
29 silly loadIdealTree Starting
30 silly install loadIdealTree
31 silly cloneCurrentTree Starting
32 silly install cloneCurrentTreeToIdealTree
33 silly cloneCurrentTree Finishing
34 silly loadShrinkwrap Starting
35 silly install loadShrinkwrap
36 silly loadShrinkwrap Finishing
37 silly loadAllDepsIntoIdealTree Starting
38 silly install loadAllDepsIntoIdealTree
39 silly resolveWithNewModule fecs-git-hooks@1.0.0-beta.1 checking installable status
40 silly cache add args [ 'fecs-git-hooks', null ]
41 verbose cache add spec fecs-git-hooks
42 silly cache add parsed spec Result {
42 silly cache add   raw: 'fecs-git-hooks',
42 silly cache add   scope: null,
42 silly cache add   escapedName: 'fecs-git-hooks',
42 silly cache add   name: 'fecs-git-hooks',
42 silly cache add   rawSpec: '',
42 silly cache add   spec: 'latest',
42 silly cache add   type: 'tag' }
43 silly addNamed fecs-git-hooks@latest
44 verbose addNamed "latest" is being treated as a dist-tag for fecs-git-hooks
45 info addNameTag [ 'fecs-git-hooks', 'latest' ]
46 silly mapToRegistry name fecs-git-hooks
47 silly mapToRegistry using default registry
48 silly mapToRegistry registry https://registry.npmjs.org/
49 silly mapToRegistry data Result {
49 silly mapToRegistry   raw: 'fecs-git-hooks',
49 silly mapToRegistry   scope: null,
49 silly mapToRegistry   escapedName: 'fecs-git-hooks',
49 silly mapToRegistry   name: 'fecs-git-hooks',
49 silly mapToRegistry   rawSpec: '',
49 silly mapToRegistry   spec: 'latest',
49 silly mapToRegistry   type: 'tag' }
50 silly mapToRegistry uri https://registry.npmjs.org/fecs-git-hooks
51 verbose addNameTag registry:https://registry.npmjs.org/fecs-git-hooks not in flight; fetching
52 verbose get https://registry.npmjs.org/fecs-git-hooks not expired, no request
53 silly addNameTag next cb for fecs-git-hooks with tag latest
54 silly addNamed fecs-git-hooks@1.0.0-beta.1
55 verbose addNamed "1.0.0-beta.1" is a plain semver version for fecs-git-hooks
56 silly cache afterAdd fecs-git-hooks@1.0.0-beta.1
57 verbose afterAdd /home/vagrant/.npm/fecs-git-hooks/1.0.0-beta.1/package/package.json not in flight; writing
58 verbose correctMkdir /home/vagrant/.npm correctMkdir not in flight; initializing
59 verbose afterAdd /home/vagrant/.npm/fecs-git-hooks/1.0.0-beta.1/package/package.json written
60 silly loadAllDepsIntoIdealTree Finishing
61 silly loadIdealTree Finishing
62 silly currentTree mysite
62 silly currentTree ├── async-validator@1.7.1
62 silly currentTree ├── babel-runtime@6.25.0
62 silly currentTree ├── core-js@2.4.1
62 silly currentTree ├── deepmerge@1.5.0
62 silly currentTree ├── iview@2.0.0
62 silly currentTree ├── popper.js@0.6.4
62 silly currentTree └── regenerator-runtime@0.10.5
63 silly idealTree mysite
63 silly idealTree ├── async-validator@1.7.1
63 silly idealTree ├── babel-runtime@6.25.0
63 silly idealTree ├── core-js@2.4.1
63 silly idealTree ├── deepmerge@1.5.0
63 silly idealTree ├── fecs-git-hooks@1.0.0-beta.1
63 silly idealTree ├── iview@2.0.0
63 silly idealTree ├── popper.js@0.6.4
63 silly idealTree └── regenerator-runtime@0.10.5
64 silly generateActionsToTake Starting
65 silly install generateActionsToTake
66 silly generateActionsToTake Finishing
67 silly diffTrees action count 1
68 silly diffTrees add fecs-git-hooks@1.0.0-beta.1
69 silly decomposeActions action count 8
70 silly decomposeActions fetch fecs-git-hooks@1.0.0-beta.1
71 silly decomposeActions extract fecs-git-hooks@1.0.0-beta.1
72 silly decomposeActions test fecs-git-hooks@1.0.0-beta.1
73 silly decomposeActions preinstall fecs-git-hooks@1.0.0-beta.1
74 silly decomposeActions build fecs-git-hooks@1.0.0-beta.1
75 silly decomposeActions install fecs-git-hooks@1.0.0-beta.1
76 silly decomposeActions postinstall fecs-git-hooks@1.0.0-beta.1
77 silly decomposeActions finalize fecs-git-hooks@1.0.0-beta.1
78 silly runTopLevelLifecycles Starting
79 silly executeActions Starting
80 silly install executeActions
81 silly doSerial global-install 0
82 silly doParallel fetch 1
83 verbose correctMkdir /home/vagrant/.npm/_locks correctMkdir not in flight; initializing
84 verbose lock using /home/vagrant/.npm/_locks/staging-9f64a85a989844a1.lock for /vagrant/mysite/node_modules/.staging
85 silly doParallel extract 1
86 silly extract fecs-git-hooks@1.0.0-beta.1
87 verbose unbuild node_modules/.staging/fecs-git-hooks-77a19343
88 silly gentlyRm /vagrant/mysite/node_modules/.staging/fecs-git-hooks-77a19343 is being purged from base /vagrant/mysite
89 verbose gentlyRm don't care about contents; nuking /vagrant/mysite/node_modules/.staging/fecs-git-hooks-77a19343
90 verbose tar unpack /home/vagrant/.npm/fecs-git-hooks/1.0.0-beta.1/package.tgz
91 verbose tar unpacking to /vagrant/mysite/node_modules/.staging/fecs-git-hooks-77a19343
92 silly gentlyRm /vagrant/mysite/node_modules/.staging/fecs-git-hooks-77a19343 is being purged
93 verbose gentlyRm don't care about contents; nuking /vagrant/mysite/node_modules/.staging/fecs-git-hooks-77a19343
94 silly gunzTarPerm modes [ '775', '664' ]
95 silly gunzTarPerm extractEntry package.json
96 silly gunzTarPerm modified mode [ 'package.json', 420, 436 ]
97 silly gunzTarPerm extractEntry .npmignore
98 silly gunzTarPerm modified mode [ '.npmignore', 420, 436 ]
99 silly gunzTarPerm extractEntry README.md
100 silly gunzTarPerm modified mode [ 'README.md', 420, 436 ]
101 silly gunzTarPerm extractEntry hooks/pre-commit
102 silly gunzTarPerm modified mode [ 'hooks/pre-commit', 493, 509 ]
103 silly gunzTarPerm extractEntry install.sh
104 silly gunzTarPerm modified mode [ 'install.sh', 493, 509 ]
105 silly gunzTarPerm extractEntry lib/install.js
106 silly gunzTarPerm modified mode [ 'lib/install.js', 420, 436 ]
107 silly gunzTarPerm extractEntry lib/uninstall.js
108 silly gunzTarPerm modified mode [ 'lib/uninstall.js', 420, 436 ]
109 silly gunzTarPerm extractEntry lib/util.js
110 silly gunzTarPerm modified mode [ 'lib/util.js', 420, 436 ]
111 silly gentlyRm /vagrant/mysite/node_modules/.staging/fecs-git-hooks-77a19343/node_modules is being purged
112 verbose gentlyRm don't care about contents; nuking /vagrant/mysite/node_modules/.staging/fecs-git-hooks-77a19343/node_modules
113 silly doParallel preinstall 1
114 silly preinstall fecs-git-hooks@1.0.0-beta.1 /vagrant/mysite/node_modules/.staging/fecs-git-hooks-77a19343
115 info lifecycle fecs-git-hooks@1.0.0-beta.1~preinstall: fecs-git-hooks@1.0.0-beta.1
116 silly lifecycle fecs-git-hooks@1.0.0-beta.1~preinstall: no script for preinstall, continuing
117 silly doReverseSerial remove 0
118 silly doSerial move 0
119 silly doSerial finalize 1
120 silly finalize /vagrant/mysite/node_modules/fecs-git-hooks
121 silly doSerial build 1
122 silly build fecs-git-hooks@1.0.0-beta.1
123 info linkStuff fecs-git-hooks@1.0.0-beta.1
124 silly linkStuff fecs-git-hooks@1.0.0-beta.1 has /vagrant/mysite/node_modules as its parent node_modules
125 verbose linkBins fecs-git-hooks@1.0.0-beta.1
126 verbose linkMans fecs-git-hooks@1.0.0-beta.1
127 silly doSerial global-link 0
128 silly doParallel update-linked 0
129 silly doSerial install 1
130 silly install fecs-git-hooks@1.0.0-beta.1 /vagrant/mysite/node_modules/.staging/fecs-git-hooks-77a19343
131 info lifecycle fecs-git-hooks@1.0.0-beta.1~install: fecs-git-hooks@1.0.0-beta.1
132 verbose lifecycle fecs-git-hooks@1.0.0-beta.1~install: unsafe-perm in lifecycle true
133 verbose lifecycle fecs-git-hooks@1.0.0-beta.1~install: PATH: /usr/lib/node_modules/npm/bin/node-gyp-bin:/vagrant/mysite/node_modules/fecs-git-hooks/node_modules/.bin:/vagrant/mysite/node_modules/.bin:/home/vagrant/venv729/bin:/usr/local/bin:/usr/bin:/usr/local/sbin:/usr/sbin:/home/vagrant/.local/bin:/home/vagrant/bin
134 verbose lifecycle fecs-git-hooks@1.0.0-beta.1~install: CWD: /vagrant/mysite/node_modules/fecs-git-hooks
135 silly lifecycle fecs-git-hooks@1.0.0-beta.1~install: Args: [ '-c', 'fecs -v && node ./lib/install.js' ]
136 info lifecycle fecs-git-hooks@1.0.0-beta.1~install: Failed to exec install script
137 verbose unlock done using /home/vagrant/.npm/_locks/staging-9f64a85a989844a1.lock for /vagrant/mysite/node_modules/.staging
138 silly rollbackFailedOptional Starting
139 silly rollbackFailedOptional Finishing
140 silly runTopLevelLifecycles Finishing
141 silly install printInstalled
142 warn enoent ENOENT: no such file or directory, open '/vagrant/mysite/package.json'
143 verbose enoent ENOENT: no such file or directory, open '/vagrant/mysite/package.json'
143 verbose enoent This is most likely not a problem with npm itself
143 verbose enoent and is related to npm not being able to find a file.
144 warn iview@2.0.0 requires a peer of vue@^2.4.1 but none was installed.
145 verbose If you need help, you may report this error at:
145 verbose     <https://github.com/npm/npm/issues>
146 warn fecs-git-hooks@1.0.0-beta.1 requires a peer of fecs@^1.2.0 but none was installed.
147 verbose If you need help, you may report this error at:
147 verbose     <https://github.com/npm/npm/issues>
148 warn fecs-git-hooks@1.0.0-beta.1 requires a peer of minimatch@^3.0.2 but none was installed.
149 verbose If you need help, you may report this error at:
149 verbose     <https://github.com/npm/npm/issues>
150 warn mysite No description
151 verbose If you need help, you may report this error at:
151 verbose     <https://github.com/npm/npm/issues>
152 warn mysite No repository field.
153 verbose If you need help, you may report this error at:
153 verbose     <https://github.com/npm/npm/issues>
154 warn mysite No README data
155 verbose If you need help, you may report this error at:
155 verbose     <https://github.com/npm/npm/issues>
156 warn mysite No license field.
157 verbose If you need help, you may report this error at:
157 verbose     <https://github.com/npm/npm/issues>
158 verbose stack Error: fecs-git-hooks@1.0.0-beta.1 install: `fecs -v && node ./lib/install.js`
158 verbose stack spawn ENOENT
158 verbose stack     at ChildProcess.<anonymous> (/usr/lib/node_modules/npm/lib/utils/spawn.js:33:16)
158 verbose stack     at emitTwo (events.js:106:13)
158 verbose stack     at ChildProcess.emit (events.js:191:7)
158 verbose stack     at maybeClose (internal/child_process.js:891:16)
158 verbose stack     at Process.ChildProcess._handle.onexit (internal/child_process.js:226:5)
159 verbose pkgid fecs-git-hooks@1.0.0-beta.1
160 verbose cwd /vagrant/mysite
161 error Linux 4.8.6-300.fc25.x86_64
162 error argv "/usr/bin/node" "/usr/bin/npm" "i" "fecs-git-hooks"
163 error node v6.11.0
164 error npm  v3.10.10
165 error file sh
166 error code ELIFECYCLE
167 error errno ENOENT
168 error syscall spawn
169 error fecs-git-hooks@1.0.0-beta.1 install: `fecs -v && node ./lib/install.js`
169 error spawn ENOENT
170 error Failed at the fecs-git-hooks@1.0.0-beta.1 install script 'fecs -v && node ./lib/install.js'.
170 error Make sure you have the latest version of node.js and npm installed.
170 error If you do, this is most likely a problem with the fecs-git-hooks package,
170 error not with npm itself.
170 error Tell the author that this fails on your system:
170 error     fecs -v && node ./lib/install.js
170 error You can get information on how to open an issue for this project with:
170 error     npm bugs fecs-git-hooks
170 error Or if that isn't available, you can get their info via:
170 error     npm owner ls fecs-git-hooks
170 error There is likely additional logging output above.
171 verbose exit [ 1, true ]
